<?xml version="1.0" encoding="UTF-8"?>
<!-- Generated by org.testng.reporters.JUnitReportReporter -->
<testsuite hostname="DESKTOP-BKE9C99" failures="0" tests="1" name="electronics.TC_DWS_002_Test" time="7.529" errors="0" timestamp="2024-01-11T18:17:21 IST" skipped="0">
  <testcase classname="electronics.TC_DWS_002_Test" name="electronics_test" time="7.529"/>
  <system-out/>
</testsuite> <!-- electronics.TC_DWS_002_Test -->
